[16-Jan-2012 22:34:17] PHP Notice:  Undefined index: aiosp_enabled in E:\web\oscialco\wp-content\plugins\all-in-one-seo-pack\all_in_one_seo_pack.php on line 766
[16-Jan-2012 22:34:17] PHP Notice:  Undefined index: aiosp_enabled in E:\web\oscialco\wp-content\plugins\all-in-one-seo-pack\all_in_one_seo_pack.php on line 766
[16-Jan-2012 22:34:17] PHP Notice:  load_plugin_textdomain was called with an argument that is <strong>deprecated</strong> since version 2.7 with no alternative available. in E:\web\oscialco\wp-includes\functions.php on line 3389
[16-Jan-2012 22:34:17] PHP Notice:  Undefined variable: show_stats in E:\web\oscialco\wp-content\plugins\stats\stats.php on line 1337
[16-Jan-2012 22:34:18] PHP Notice:  Undefined variable: commentid in E:\web\oscialco\wp-content\themes\Firecrow\single-photo.php on line 24
[16-Jan-2012 22:34:18] PHP Notice:  Undefined index: number_of_voites in E:\web\oscialco\wp-content\themes\Firecrow\single-photo.php on line 30
[16-Jan-2012 22:34:18] PHP Notice:  Undefined variable: commentcount in E:\web\oscialco\wp-content\plugins\facebook-comments-plugin\facebook-comments.php on line 343
[16-Jan-2012 22:34:18] PHP Notice:  Undefined variable: migrate in E:\web\oscialco\wp-content\plugins\facebook-comments-plugin\facebook-comments.php on line 343
[16-Jan-2012 22:34:18] PHP Notice:  Undefined variable: text in E:\web\oscialco\wp-content\themes\Firecrow\sidebar.php on line 28
[16-Jan-2012 22:34:18] PHP Notice:  Undefined variable: text in E:\web\oscialco\wp-content\themes\Firecrow\sidebar.php on line 38
[16-Jan-2012 22:34:18] PHP Notice:  get_bloginfo was called with an argument that is <strong>deprecated</strong> since version 2.2! The <code>siteurl</code> option is deprecated for the family of <code>bloginfo()</code> functions. Use the <code>url</code> option instead. in E:\web\oscialco\wp-includes\functions.php on line 3387
[16-Jan-2012 22:34:18] PHP Notice:  get_bloginfo was called with an argument that is <strong>deprecated</strong> since version 2.2! The <code>siteurl</code> option is deprecated for the family of <code>bloginfo()</code> functions. Use the <code>url</code> option instead. in E:\web\oscialco\wp-includes\functions.php on line 3387
[16-Jan-2012 22:34:18] PHP Notice:  Undefined variable: _SESSION in E:\web\oscialco\wp-content\plugins\slick-social-share-buttons\inc\dcwp_social.php on line 81
[16-Jan-2012 22:34:18] PHP Notice:  Undefined index: dcssb_direction in E:\web\oscialco\wp-content\plugins\slick-social-share-buttons\inc\dcwp_social.php on line 701
[16-Jan-2012 22:34:18] PHP Notice:  Undefined variable: _SESSION in E:\web\oscialco\wp-content\plugins\slick-social-share-buttons\inc\dcwp_social.php on line 178
[16-Jan-2012 22:34:18] PHP Notice:  Undefined variable: _SESSION in E:\web\oscialco\wp-content\plugins\slick-social-share-buttons\inc\dcwp_social.php on line 578
[16-Jan-2012 22:34:18] PHP Notice:  Undefined variable: _SESSION in E:\web\oscialco\wp-content\plugins\slick-social-share-buttons\inc\dcwp_social.php on line 597
[16-Jan-2012 22:34:18] PHP Notice:  Undefined variable: _SESSION in E:\web\oscialco\wp-content\plugins\slick-social-share-buttons\inc\dcwp_social.php on line 578
[16-Jan-2012 22:34:18] PHP Notice:  Undefined variable: _SESSION in E:\web\oscialco\wp-content\plugins\slick-social-share-buttons\inc\dcwp_social.php on line 597
[16-Jan-2012 22:34:18] PHP Notice:  Undefined variable: _SESSION in E:\web\oscialco\wp-content\plugins\slick-social-share-buttons\inc\dcwp_social.php on line 231
[16-Jan-2012 22:34:18] PHP Notice:  Undefined variable: _SESSION in E:\web\oscialco\wp-content\plugins\slick-social-share-buttons\inc\dcwp_social.php on line 263
[16-Jan-2012 22:34:18] PHP Notice:  Undefined index: incBuzz in E:\web\oscialco\wp-content\plugins\slick-social-share-buttons\inc\dcwp_social.php on line 701
[16-Jan-2012 22:34:18] PHP Notice:  Undefined variable: _SESSION in E:\web\oscialco\wp-content\plugins\slick-social-share-buttons\inc\dcwp_social.php on line 292
[16-Jan-2012 22:34:18] PHP Notice:  Undefined index: width in E:\web\oscialco\wp-content\plugins\slick-social-share-buttons\inc\dcwp_social.php on line 383
[16-Jan-2012 22:34:18] PHP Notice:  Undefined index: disableFloat in E:\web\oscialco\wp-content\plugins\slick-social-share-buttons\inc\dcwp_social.php on line 392
[16-Jan-2012 22:34:18] PHP Notice:  Undefined index: center in E:\web\oscialco\wp-content\plugins\slick-social-share-buttons\inc\dcwp_social.php on line 394
[16-Jan-2012 22:34:18] PHP Notice:  Undefined index: autoClose in E:\web\oscialco\wp-content\plugins\slick-social-share-buttons\inc\dcwp_social.php on line 406
[16-Jan-2012 22:35:54] PHP Notice:  Undefined index: aiosp_enabled in E:\web\oscialco\wp-content\plugins\all-in-one-seo-pack\all_in_one_seo_pack.php on line 766
[16-Jan-2012 22:35:54] PHP Notice:  Undefined index: aiosp_enabled in E:\web\oscialco\wp-content\plugins\all-in-one-seo-pack\all_in_one_seo_pack.php on line 766
[16-Jan-2012 22:35:54] PHP Notice:  load_plugin_textdomain was called with an argument that is <strong>deprecated</strong> since version 2.7 with no alternative available. in E:\web\oscialco\wp-includes\functions.php on line 3389
[16-Jan-2012 22:35:54] PHP Warning:  fopen(../xmlrpc.log): failed to open stream: Permission denied in E:\web\oscialco\xmlrpc.php on line 89
[16-Jan-2012 22:35:54] PHP Warning:  fwrite() expects parameter 1 to be resource, boolean given in E:\web\oscialco\xmlrpc.php on line 92
[16-Jan-2012 22:35:54] PHP Warning:  fclose() expects parameter 1 to be resource, boolean given in E:\web\oscialco\xmlrpc.php on line 93
[16-Jan-2012 22:35:55] PHP Warning:  Invalid argument supplied for foreach() in E:\web\oscialco\wp-content\plugins\disable-xml-rpc-methods\disable-xmlrpc-methods.php on line 55
[16-Jan-2012 22:35:55] PHP Notice:  set_current_user is <strong>deprecated</strong> since version 3.0! Use wp_set_current_user() instead. in E:\web\oscialco\wp-includes\functions.php on line 3303
[16-Jan-2012 22:35:56] PHP Notice:  Undefined index: aiosp_enabled in E:\web\oscialco\wp-content\plugins\all-in-one-seo-pack\all_in_one_seo_pack.php on line 766
[16-Jan-2012 22:35:56] PHP Notice:  Undefined index: aiosp_enabled in E:\web\oscialco\wp-content\plugins\all-in-one-seo-pack\all_in_one_seo_pack.php on line 766
[16-Jan-2012 22:35:56] PHP Notice:  load_plugin_textdomain was called with an argument that is <strong>deprecated</strong> since version 2.7 with no alternative available. in E:\web\oscialco\wp-includes\functions.php on line 3389
[16-Jan-2012 22:35:56] PHP Warning:  fopen(../xmlrpc.log): failed to open stream: Permission denied in E:\web\oscialco\xmlrpc.php on line 89
[16-Jan-2012 22:35:56] PHP Warning:  fwrite() expects parameter 1 to be resource, boolean given in E:\web\oscialco\xmlrpc.php on line 92
[16-Jan-2012 22:35:56] PHP Warning:  fclose() expects parameter 1 to be resource, boolean given in E:\web\oscialco\xmlrpc.php on line 93
[16-Jan-2012 22:35:56] PHP Warning:  Invalid argument supplied for foreach() in E:\web\oscialco\wp-content\plugins\disable-xml-rpc-methods\disable-xmlrpc-methods.php on line 55
[16-Jan-2012 22:35:56] PHP Warning:  fopen(../xmlrpc.log): failed to open stream: Permission denied in E:\web\oscialco\xmlrpc.php on line 89
[16-Jan-2012 22:35:56] PHP Warning:  fwrite() expects parameter 1 to be resource, boolean given in E:\web\oscialco\xmlrpc.php on line 92
[16-Jan-2012 22:35:56] PHP Warning:  fclose() expects parameter 1 to be resource, boolean given in E:\web\oscialco\xmlrpc.php on line 93
[16-Jan-2012 22:35:56] PHP Notice:  set_current_user is <strong>deprecated</strong> since version 3.0! Use wp_set_current_user() instead. in E:\web\oscialco\wp-includes\functions.php on line 3303
[16-Jan-2012 22:35:56] PHP Notice:  Undefined variable: timestamp in E:\web\oscialco\wp-content\plugins\nextgen-gallery\admin\functions.php on line 679
[16-Jan-2012 22:36:16] PHP Notice:  Undefined index: aiosp_enabled in E:\web\oscialco\wp-content\plugins\all-in-one-seo-pack\all_in_one_seo_pack.php on line 766
[16-Jan-2012 22:36:16] PHP Notice:  Undefined index: aiosp_enabled in E:\web\oscialco\wp-content\plugins\all-in-one-seo-pack\all_in_one_seo_pack.php on line 766
[16-Jan-2012 22:36:16] PHP Notice:  load_plugin_textdomain was called with an argument that is <strong>deprecated</strong> since version 2.7 with no alternative available. in E:\web\oscialco\wp-includes\functions.php on line 3389
[16-Jan-2012 22:36:16] PHP Notice:  Undefined property: stdClass::$current in E:\web\oscialco\wp-admin\includes\update.php on line 44
[16-Jan-2012 22:36:16] PHP Notice:  Undefined property: stdClass::$locale in E:\web\oscialco\wp-admin\includes\update.php on line 44
[16-Jan-2012 22:36:16] PHP Notice:  has_cap was called with an argument that is <strong>deprecated</strong> since version 2.0! Usage of user levels by plugins and themes is deprecated. Use roles and capabilities instead. in E:\web\oscialco\wp-includes\functions.php on line 3387
[16-Jan-2012 22:36:16] PHP Notice:  has_cap was called with an argument that is <strong>deprecated</strong> since version 2.0! Usage of user levels by plugins and themes is deprecated. Use roles and capabilities instead. in E:\web\oscialco\wp-includes\functions.php on line 3387
[16-Jan-2012 22:36:16] PHP Notice:  has_cap was called with an argument that is <strong>deprecated</strong> since version 2.0! Usage of user levels by plugins and themes is deprecated. Use roles and capabilities instead. in E:\web\oscialco\wp-includes\functions.php on line 3387
[16-Jan-2012 22:36:16] PHP Notice:  has_cap was called with an argument that is <strong>deprecated</strong> since version 2.0! Usage of user levels by plugins and themes is deprecated. Use roles and capabilities instead. in E:\web\oscialco\wp-includes\functions.php on line 3387
[16-Jan-2012 22:36:16] PHP Notice:  Undefined property: stdClass::$current in E:\web\oscialco\wp-admin\includes\update.php on line 44
[16-Jan-2012 22:36:16] PHP Notice:  Undefined property: stdClass::$locale in E:\web\oscialco\wp-admin\includes\update.php on line 44
[16-Jan-2012 22:36:17] PHP Notice:  Undefined property: stdClass::$current in E:\web\oscialco\wp-admin\includes\update.php on line 44
[16-Jan-2012 22:36:17] PHP Notice:  Undefined property: stdClass::$locale in E:\web\oscialco\wp-admin\includes\update.php on line 44
[16-Jan-2012 22:36:17] PHP Notice:  Undefined index: aiosp_enabled in E:\web\oscialco\wp-content\plugins\all-in-one-seo-pack\all_in_one_seo_pack.php on line 766
[16-Jan-2012 22:36:17] PHP Notice:  Undefined index: aiosp_enabled in E:\web\oscialco\wp-content\plugins\all-in-one-seo-pack\all_in_one_seo_pack.php on line 766
[16-Jan-2012 22:36:17] PHP Notice:  load_plugin_textdomain was called with an argument that is <strong>deprecated</strong> since version 2.7 with no alternative available. in E:\web\oscialco\wp-includes\functions.php on line 3389
[16-Jan-2012 22:36:18] PHP Notice:  Undefined index: aiosp_enabled in E:\web\oscialco\wp-content\plugins\all-in-one-seo-pack\all_in_one_seo_pack.php on line 766
[16-Jan-2012 22:36:18] PHP Notice:  Undefined index: aiosp_enabled in E:\web\oscialco\wp-content\plugins\all-in-one-seo-pack\all_in_one_seo_pack.php on line 766
[16-Jan-2012 22:36:18] PHP Notice:  load_plugin_textdomain was called with an argument that is <strong>deprecated</strong> since version 2.7 with no alternative available. in E:\web\oscialco\wp-includes\functions.php on line 3389
[16-Jan-2012 22:36:18] PHP Notice:  Undefined index: show_home in E:\web\oscialco\wp-content\plugins\slick-social-share-buttons\inc\dcwp_social.php on line 701
[16-Jan-2012 22:36:18] PHP Notice:  Undefined index: show_blog in E:\web\oscialco\wp-content\plugins\slick-social-share-buttons\inc\dcwp_social.php on line 701
[16-Jan-2012 22:36:18] PHP Notice:  Undefined variable: post in E:\web\oscialco\wp-content\themes\Firecrow\functions.php on line 89
[16-Jan-2012 22:36:18] PHP Notice:  Trying to get property of non-object in E:\web\oscialco\wp-content\themes\Firecrow\functions.php on line 89
[16-Jan-2012 22:36:18] PHP Notice:  Undefined variable: post in E:\web\oscialco\wp-content\themes\Firecrow\functions.php on line 89
[16-Jan-2012 22:36:18] PHP Notice:  Trying to get property of non-object in E:\web\oscialco\wp-content\themes\Firecrow\functions.php on line 89
[16-Jan-2012 22:36:18] PHP Notice:  Undefined variable: post in E:\web\oscialco\wp-content\themes\Firecrow\functions.php on line 89
[16-Jan-2012 22:36:18] PHP Notice:  Trying to get property of non-object in E:\web\oscialco\wp-content\themes\Firecrow\functions.php on line 89
[16-Jan-2012 22:36:18] PHP Notice:  Undefined variable: post in E:\web\oscialco\wp-content\themes\Firecrow\functions.php on line 89
[16-Jan-2012 22:36:18] PHP Notice:  Trying to get property of non-object in E:\web\oscialco\wp-content\themes\Firecrow\functions.php on line 89
[16-Jan-2012 22:36:18] PHP Notice:  Undefined variable: post in E:\web\oscialco\wp-content\themes\Firecrow\functions.php on line 89
[16-Jan-2012 22:36:18] PHP Notice:  Trying to get property of non-object in E:\web\oscialco\wp-content\themes\Firecrow\functions.php on line 89
[16-Jan-2012 22:36:18] PHP Notice:  Undefined variable: post in E:\web\oscialco\wp-content\themes\Firecrow\functions.php on line 89
[16-Jan-2012 22:36:18] PHP Notice:  Trying to get property of non-object in E:\web\oscialco\wp-content\themes\Firecrow\functions.php on line 89
[16-Jan-2012 22:36:18] PHP Notice:  Undefined variable: post in E:\web\oscialco\wp-content\themes\Firecrow\functions.php on line 89
[16-Jan-2012 22:36:18] PHP Notice:  Trying to get property of non-object in E:\web\oscialco\wp-content\themes\Firecrow\functions.php on line 89
[16-Jan-2012 22:36:18] PHP Notice:  Undefined variable: post in E:\web\oscialco\wp-content\themes\Firecrow\functions.php on line 89
[16-Jan-2012 22:36:18] PHP Notice:  Trying to get property of non-object in E:\web\oscialco\wp-content\themes\Firecrow\functions.php on line 89
[16-Jan-2012 22:36:18] PHP Notice:  Undefined variable: post in E:\web\oscialco\wp-content\themes\Firecrow\functions.php on line 89
[16-Jan-2012 22:36:18] PHP Notice:  Trying to get property of non-object in E:\web\oscialco\wp-content\themes\Firecrow\functions.php on line 89
[16-Jan-2012 22:36:18] PHP Notice:  Undefined variable: postType in E:\web\oscialco\wp-content\themes\Firecrow\sidebar.php on line 46
[16-Jan-2012 22:36:18] PHP Notice:  get_bloginfo was called with an argument that is <strong>deprecated</strong> since version 2.2! The <code>siteurl</code> option is deprecated for the family of <code>bloginfo()</code> functions. Use the <code>url</code> option instead. in E:\web\oscialco\wp-includes\functions.php on line 3387
[16-Jan-2012 22:36:18] PHP Notice:  get_bloginfo was called with an argument that is <strong>deprecated</strong> since version 2.2! The <code>siteurl</code> option is deprecated for the family of <code>bloginfo()</code> functions. Use the <code>url</code> option instead. in E:\web\oscialco\wp-includes\functions.php on line 3387
[16-Jan-2012 22:36:18] PHP Notice:  Undefined index: show_archive in E:\web\oscialco\wp-content\plugins\slick-social-share-buttons\inc\dcwp_social.php on line 701
[16-Jan-2012 22:36:22] PHP Notice:  Undefined index: aiosp_enabled in E:\web\oscialco\wp-content\plugins\all-in-one-seo-pack\all_in_one_seo_pack.php on line 766
[16-Jan-2012 22:36:22] PHP Notice:  Undefined index: aiosp_enabled in E:\web\oscialco\wp-content\plugins\all-in-one-seo-pack\all_in_one_seo_pack.php on line 766
[16-Jan-2012 22:36:22] PHP Notice:  load_plugin_textdomain was called with an argument that is <strong>deprecated</strong> since version 2.7 with no alternative available. in E:\web\oscialco\wp-includes\functions.php on line 3389
[16-Jan-2012 22:36:22] PHP Notice:  Undefined property: stdClass::$current in E:\web\oscialco\wp-admin\includes\update.php on line 44
[16-Jan-2012 22:36:22] PHP Notice:  Undefined property: stdClass::$locale in E:\web\oscialco\wp-admin\includes\update.php on line 44
[16-Jan-2012 22:36:23] PHP Notice:  has_cap was called with an argument that is <strong>deprecated</strong> since version 2.0! Usage of user levels by plugins and themes is deprecated. Use roles and capabilities instead. in E:\web\oscialco\wp-includes\functions.php on line 3387
[16-Jan-2012 22:36:23] PHP Notice:  has_cap was called with an argument that is <strong>deprecated</strong> since version 2.0! Usage of user levels by plugins and themes is deprecated. Use roles and capabilities instead. in E:\web\oscialco\wp-includes\functions.php on line 3387
[16-Jan-2012 22:36:23] PHP Notice:  has_cap was called with an argument that is <strong>deprecated</strong> since version 2.0! Usage of user levels by plugins and themes is deprecated. Use roles and capabilities instead. in E:\web\oscialco\wp-includes\functions.php on line 3387
[16-Jan-2012 22:36:23] PHP Notice:  has_cap was called with an argument that is <strong>deprecated</strong> since version 2.0! Usage of user levels by plugins and themes is deprecated. Use roles and capabilities instead. in E:\web\oscialco\wp-includes\functions.php on line 3387
[16-Jan-2012 22:36:23] PHP Notice:  Undefined property: stdClass::$current in E:\web\oscialco\wp-admin\includes\update.php on line 44
[16-Jan-2012 22:36:23] PHP Notice:  Undefined property: stdClass::$locale in E:\web\oscialco\wp-admin\includes\update.php on line 44
[16-Jan-2012 22:36:23] PHP Notice:  Undefined property: stdClass::$current in E:\web\oscialco\wp-admin\includes\update.php on line 44
[16-Jan-2012 22:36:23] PHP Notice:  Undefined property: stdClass::$locale in E:\web\oscialco\wp-admin\includes\update.php on line 44
[16-Jan-2012 22:36:23] PHP Notice:  Undefined index: aiosp_enabled in E:\web\oscialco\wp-content\plugins\all-in-one-seo-pack\all_in_one_seo_pack.php on line 766
[16-Jan-2012 22:36:23] PHP Notice:  Undefined index: aiosp_enabled in E:\web\oscialco\wp-content\plugins\all-in-one-seo-pack\all_in_one_seo_pack.php on line 766
[16-Jan-2012 22:36:23] PHP Notice:  load_plugin_textdomain was called with an argument that is <strong>deprecated</strong> since version 2.7 with no alternative available. in E:\web\oscialco\wp-includes\functions.php on line 3389
[16-Jan-2012 22:36:23] PHP Notice:  Undefined index: aiosp_enabled in E:\web\oscialco\wp-content\plugins\all-in-one-seo-pack\all_in_one_seo_pack.php on line 766
[16-Jan-2012 22:36:23] PHP Notice:  Undefined index: aiosp_enabled in E:\web\oscialco\wp-content\plugins\all-in-one-seo-pack\all_in_one_seo_pack.php on line 766
[16-Jan-2012 22:36:24] PHP Notice:  load_plugin_textdomain was called with an argument that is <strong>deprecated</strong> since version 2.7 with no alternative available. in E:\web\oscialco\wp-includes\functions.php on line 3389
[16-Jan-2012 22:36:24] PHP Notice:  Undefined index: show_home in E:\web\oscialco\wp-content\plugins\slick-social-share-buttons\inc\dcwp_social.php on line 701
[16-Jan-2012 22:36:24] PHP Notice:  Undefined index: show_blog in E:\web\oscialco\wp-content\plugins\slick-social-share-buttons\inc\dcwp_social.php on line 701
[16-Jan-2012 22:36:24] PHP Notice:  Undefined variable: post in E:\web\oscialco\wp-content\themes\Firecrow\functions.php on line 89
[16-Jan-2012 22:36:24] PHP Notice:  Trying to get property of non-object in E:\web\oscialco\wp-content\themes\Firecrow\functions.php on line 89
[16-Jan-2012 22:36:24] PHP Notice:  Undefined variable: post in E:\web\oscialco\wp-content\themes\Firecrow\functions.php on line 89
[16-Jan-2012 22:36:24] PHP Notice:  Trying to get property of non-object in E:\web\oscialco\wp-content\themes\Firecrow\functions.php on line 89
[16-Jan-2012 22:36:24] PHP Notice:  Undefined variable: post in E:\web\oscialco\wp-content\themes\Firecrow\functions.php on line 89
[16-Jan-2012 22:36:24] PHP Notice:  Trying to get property of non-object in E:\web\oscialco\wp-content\themes\Firecrow\functions.php on line 89
[16-Jan-2012 22:36:24] PHP Notice:  Undefined variable: post in E:\web\oscialco\wp-content\themes\Firecrow\functions.php on line 89
[16-Jan-2012 22:36:24] PHP Notice:  Trying to get property of non-object in E:\web\oscialco\wp-content\themes\Firecrow\functions.php on line 89
[16-Jan-2012 22:36:24] PHP Notice:  Undefined variable: post in E:\web\oscialco\wp-content\themes\Firecrow\functions.php on line 89
[16-Jan-2012 22:36:24] PHP Notice:  Trying to get property of non-object in E:\web\oscialco\wp-content\themes\Firecrow\functions.php on line 89
[16-Jan-2012 22:36:24] PHP Notice:  Undefined variable: post in E:\web\oscialco\wp-content\themes\Firecrow\functions.php on line 89
[16-Jan-2012 22:36:24] PHP Notice:  Trying to get property of non-object in E:\web\oscialco\wp-content\themes\Firecrow\functions.php on line 89
[16-Jan-2012 22:36:24] PHP Notice:  Undefined variable: post in E:\web\oscialco\wp-content\themes\Firecrow\functions.php on line 89
[16-Jan-2012 22:36:24] PHP Notice:  Trying to get property of non-object in E:\web\oscialco\wp-content\themes\Firecrow\functions.php on line 89
[16-Jan-2012 22:36:24] PHP Notice:  Undefined variable: post in E:\web\oscialco\wp-content\themes\Firecrow\functions.php on line 89
[16-Jan-2012 22:36:24] PHP Notice:  Trying to get property of non-object in E:\web\oscialco\wp-content\themes\Firecrow\functions.php on line 89
[16-Jan-2012 22:36:24] PHP Notice:  Undefined variable: post in E:\web\oscialco\wp-content\themes\Firecrow\functions.php on line 89
[16-Jan-2012 22:36:24] PHP Notice:  Trying to get property of non-object in E:\web\oscialco\wp-content\themes\Firecrow\functions.php on line 89
[16-Jan-2012 22:36:24] PHP Notice:  Undefined variable: postType in E:\web\oscialco\wp-content\themes\Firecrow\sidebar.php on line 46
[16-Jan-2012 22:36:24] PHP Notice:  get_bloginfo was called with an argument that is <strong>deprecated</strong> since version 2.2! The <code>siteurl</code> option is deprecated for the family of <code>bloginfo()</code> functions. Use the <code>url</code> option instead. in E:\web\oscialco\wp-includes\functions.php on line 3387
[16-Jan-2012 22:36:24] PHP Notice:  get_bloginfo was called with an argument that is <strong>deprecated</strong> since version 2.2! The <code>siteurl</code> option is deprecated for the family of <code>bloginfo()</code> functions. Use the <code>url</code> option instead. in E:\web\oscialco\wp-includes\functions.php on line 3387
[16-Jan-2012 22:36:24] PHP Notice:  Undefined index: show_archive in E:\web\oscialco\wp-content\plugins\slick-social-share-buttons\inc\dcwp_social.php on line 701
[16-Jan-2012 22:41:18] PHP Notice:  Undefined index: aiosp_enabled in E:\web\oscialco\wp-content\plugins\all-in-one-seo-pack\all_in_one_seo_pack.php on line 766
[16-Jan-2012 22:41:18] PHP Notice:  Undefined index: aiosp_enabled in E:\web\oscialco\wp-content\plugins\all-in-one-seo-pack\all_in_one_seo_pack.php on line 766
[16-Jan-2012 22:41:19] PHP Notice:  load_plugin_textdomain was called with an argument that is <strong>deprecated</strong> since version 2.7 with no alternative available. in E:\web\oscialco\wp-includes\functions.php on line 3389
[16-Jan-2012 22:41:19] PHP Warning:  fopen(../xmlrpc.log): failed to open stream: Permission denied in E:\web\oscialco\xmlrpc.php on line 89
[16-Jan-2012 22:41:19] PHP Warning:  fwrite() expects parameter 1 to be resource, boolean given in E:\web\oscialco\xmlrpc.php on line 92
[16-Jan-2012 22:41:19] PHP Warning:  fclose() expects parameter 1 to be resource, boolean given in E:\web\oscialco\xmlrpc.php on line 93
[16-Jan-2012 22:41:19] PHP Warning:  Invalid argument supplied for foreach() in E:\web\oscialco\wp-content\plugins\disable-xml-rpc-methods\disable-xmlrpc-methods.php on line 55
[16-Jan-2012 22:41:19] PHP Notice:  set_current_user is <strong>deprecated</strong> since version 3.0! Use wp_set_current_user() instead. in E:\web\oscialco\wp-includes\functions.php on line 3303
[16-Jan-2012 22:41:20] PHP Notice:  Undefined index: aiosp_enabled in E:\web\oscialco\wp-content\plugins\all-in-one-seo-pack\all_in_one_seo_pack.php on line 766
[16-Jan-2012 22:41:20] PHP Notice:  Undefined index: aiosp_enabled in E:\web\oscialco\wp-content\plugins\all-in-one-seo-pack\all_in_one_seo_pack.php on line 766
[16-Jan-2012 22:41:20] PHP Notice:  load_plugin_textdomain was called with an argument that is <strong>deprecated</strong> since version 2.7 with no alternative available. in E:\web\oscialco\wp-includes\functions.php on line 3389
[16-Jan-2012 22:41:20] PHP Warning:  fopen(../xmlrpc.log): failed to open stream: Permission denied in E:\web\oscialco\xmlrpc.php on line 89
[16-Jan-2012 22:41:20] PHP Warning:  fwrite() expects parameter 1 to be resource, boolean given in E:\web\oscialco\xmlrpc.php on line 92
[16-Jan-2012 22:41:20] PHP Warning:  fclose() expects parameter 1 to be resource, boolean given in E:\web\oscialco\xmlrpc.php on line 93
[16-Jan-2012 22:41:20] PHP Warning:  Invalid argument supplied for foreach() in E:\web\oscialco\wp-content\plugins\disable-xml-rpc-methods\disable-xmlrpc-methods.php on line 55
[16-Jan-2012 22:41:20] PHP Warning:  fopen(../xmlrpc.log): failed to open stream: Permission denied in E:\web\oscialco\xmlrpc.php on line 89
[16-Jan-2012 22:41:20] PHP Warning:  fwrite() expects parameter 1 to be resource, boolean given in E:\web\oscialco\xmlrpc.php on line 92
[16-Jan-2012 22:41:20] PHP Warning:  fclose() expects parameter 1 to be resource, boolean given in E:\web\oscialco\xmlrpc.php on line 93
[16-Jan-2012 22:41:20] PHP Notice:  set_current_user is <strong>deprecated</strong> since version 3.0! Use wp_set_current_user() instead. in E:\web\oscialco\wp-includes\functions.php on line 3303
[16-Jan-2012 22:41:20] PHP Notice:  wp_upload_bits was called with an argument that is <strong>deprecated</strong> since version 2.0 with no alternative available. in E:\web\oscialco\wp-includes\functions.php on line 3389
[16-Jan-2012 22:41:20] PHP Notice:  Undefined variable: timestamp in E:\web\oscialco\wp-content\plugins\nextgen-gallery\admin\functions.php on line 679
[16-Jan-2012 22:41:36] PHP Notice:  Undefined index: aiosp_enabled in E:\web\oscialco\wp-content\plugins\all-in-one-seo-pack\all_in_one_seo_pack.php on line 766
[16-Jan-2012 22:41:36] PHP Notice:  Undefined index: aiosp_enabled in E:\web\oscialco\wp-content\plugins\all-in-one-seo-pack\all_in_one_seo_pack.php on line 766
[16-Jan-2012 22:41:36] PHP Notice:  load_plugin_textdomain was called with an argument that is <strong>deprecated</strong> since version 2.7 with no alternative available. in E:\web\oscialco\wp-includes\functions.php on line 3389
[16-Jan-2012 22:41:37] PHP Notice:  Undefined property: stdClass::$current in E:\web\oscialco\wp-admin\includes\update.php on line 44
[16-Jan-2012 22:41:37] PHP Notice:  Undefined property: stdClass::$locale in E:\web\oscialco\wp-admin\includes\update.php on line 44
[16-Jan-2012 22:41:37] PHP Notice:  has_cap was called with an argument that is <strong>deprecated</strong> since version 2.0! Usage of user levels by plugins and themes is deprecated. Use roles and capabilities instead. in E:\web\oscialco\wp-includes\functions.php on line 3387
[16-Jan-2012 22:41:37] PHP Notice:  has_cap was called with an argument that is <strong>deprecated</strong> since version 2.0! Usage of user levels by plugins and themes is deprecated. Use roles and capabilities instead. in E:\web\oscialco\wp-includes\functions.php on line 3387
[16-Jan-2012 22:41:37] PHP Notice:  has_cap was called with an argument that is <strong>deprecated</strong> since version 2.0! Usage of user levels by plugins and themes is deprecated. Use roles and capabilities instead. in E:\web\oscialco\wp-includes\functions.php on line 3387
[16-Jan-2012 22:41:37] PHP Notice:  has_cap was called with an argument that is <strong>deprecated</strong> since version 2.0! Usage of user levels by plugins and themes is deprecated. Use roles and capabilities instead. in E:\web\oscialco\wp-includes\functions.php on line 3387
[16-Jan-2012 22:41:37] PHP Notice:  Undefined property: stdClass::$current in E:\web\oscialco\wp-admin\includes\update.php on line 44
[16-Jan-2012 22:41:37] PHP Notice:  Undefined property: stdClass::$locale in E:\web\oscialco\wp-admin\includes\update.php on line 44
[16-Jan-2012 22:41:37] PHP Notice:  Undefined property: stdClass::$current in E:\web\oscialco\wp-admin\includes\update.php on line 44
[16-Jan-2012 22:41:37] PHP Notice:  Undefined property: stdClass::$locale in E:\web\oscialco\wp-admin\includes\update.php on line 44
[16-Jan-2012 22:41:37] PHP Notice:  Undefined index: aiosp_enabled in E:\web\oscialco\wp-content\plugins\all-in-one-seo-pack\all_in_one_seo_pack.php on line 766
[16-Jan-2012 22:41:37] PHP Notice:  Undefined index: aiosp_enabled in E:\web\oscialco\wp-content\plugins\all-in-one-seo-pack\all_in_one_seo_pack.php on line 766
[16-Jan-2012 22:41:37] PHP Notice:  load_plugin_textdomain was called with an argument that is <strong>deprecated</strong> since version 2.7 with no alternative available. in E:\web\oscialco\wp-includes\functions.php on line 3389
[16-Jan-2012 22:41:38] PHP Notice:  Undefined index: aiosp_enabled in E:\web\oscialco\wp-content\plugins\all-in-one-seo-pack\all_in_one_seo_pack.php on line 766
[16-Jan-2012 22:41:38] PHP Notice:  Undefined index: aiosp_enabled in E:\web\oscialco\wp-content\plugins\all-in-one-seo-pack\all_in_one_seo_pack.php on line 766
[16-Jan-2012 22:41:38] PHP Notice:  load_plugin_textdomain was called with an argument that is <strong>deprecated</strong> since version 2.7 with no alternative available. in E:\web\oscialco\wp-includes\functions.php on line 3389
[16-Jan-2012 22:41:38] PHP Notice:  Undefined index: show_home in E:\web\oscialco\wp-content\plugins\slick-social-share-buttons\inc\dcwp_social.php on line 701
[16-Jan-2012 22:41:38] PHP Notice:  Undefined index: show_blog in E:\web\oscialco\wp-content\plugins\slick-social-share-buttons\inc\dcwp_social.php on line 701
[16-Jan-2012 22:41:38] PHP Notice:  Undefined variable: post in E:\web\oscialco\wp-content\themes\Firecrow\functions.php on line 89
[16-Jan-2012 22:41:38] PHP Notice:  Trying to get property of non-object in E:\web\oscialco\wp-content\themes\Firecrow\functions.php on line 89
[16-Jan-2012 22:41:38] PHP Notice:  Undefined variable: post in E:\web\oscialco\wp-content\themes\Firecrow\functions.php on line 89
[16-Jan-2012 22:41:38] PHP Notice:  Trying to get property of non-object in E:\web\oscialco\wp-content\themes\Firecrow\functions.php on line 89
[16-Jan-2012 22:41:39] PHP Notice:  Undefined variable: post in E:\web\oscialco\wp-content\themes\Firecrow\functions.php on line 89
[16-Jan-2012 22:41:39] PHP Notice:  Trying to get property of non-object in E:\web\oscialco\wp-content\themes\Firecrow\functions.php on line 89
[16-Jan-2012 22:41:39] PHP Notice:  Undefined variable: post in E:\web\oscialco\wp-content\themes\Firecrow\functions.php on line 89
[16-Jan-2012 22:41:39] PHP Notice:  Trying to get property of non-object in E:\web\oscialco\wp-content\themes\Firecrow\functions.php on line 89
[16-Jan-2012 22:41:39] PHP Notice:  Undefined variable: post in E:\web\oscialco\wp-content\themes\Firecrow\functions.php on line 89
[16-Jan-2012 22:41:39] PHP Notice:  Trying to get property of non-object in E:\web\oscialco\wp-content\themes\Firecrow\functions.php on line 89
[16-Jan-2012 22:41:39] PHP Notice:  Undefined variable: post in E:\web\oscialco\wp-content\themes\Firecrow\functions.php on line 89
[16-Jan-2012 22:41:39] PHP Notice:  Trying to get property of non-object in E:\web\oscialco\wp-content\themes\Firecrow\functions.php on line 89
[16-Jan-2012 22:41:39] PHP Notice:  Undefined variable: post in E:\web\oscialco\wp-content\themes\Firecrow\functions.php on line 89
[16-Jan-2012 22:41:39] PHP Notice:  Trying to get property of non-object in E:\web\oscialco\wp-content\themes\Firecrow\functions.php on line 89
[16-Jan-2012 22:41:39] PHP Notice:  Undefined variable: post in E:\web\oscialco\wp-content\themes\Firecrow\functions.php on line 89
[16-Jan-2012 22:41:39] PHP Notice:  Trying to get property of non-object in E:\web\oscialco\wp-content\themes\Firecrow\functions.php on line 89
[16-Jan-2012 22:41:39] PHP Notice:  Undefined variable: post in E:\web\oscialco\wp-content\themes\Firecrow\functions.php on line 89
[16-Jan-2012 22:41:39] PHP Notice:  Trying to get property of non-object in E:\web\oscialco\wp-content\themes\Firecrow\functions.php on line 89
[16-Jan-2012 22:41:39] PHP Notice:  Undefined variable: postType in E:\web\oscialco\wp-content\themes\Firecrow\sidebar.php on line 46
[16-Jan-2012 22:41:39] PHP Notice:  get_bloginfo was called with an argument that is <strong>deprecated</strong> since version 2.2! The <code>siteurl</code> option is deprecated for the family of <code>bloginfo()</code> functions. Use the <code>url</code> option instead. in E:\web\oscialco\wp-includes\functions.php on line 3387
[16-Jan-2012 22:41:39] PHP Notice:  get_bloginfo was called with an argument that is <strong>deprecated</strong> since version 2.2! The <code>siteurl</code> option is deprecated for the family of <code>bloginfo()</code> functions. Use the <code>url</code> option instead. in E:\web\oscialco\wp-includes\functions.php on line 3387
[16-Jan-2012 22:41:39] PHP Notice:  Undefined index: show_archive in E:\web\oscialco\wp-content\plugins\slick-social-share-buttons\inc\dcwp_social.php on line 701
[16-Jan-2012 22:41:43] PHP Notice:  Undefined index: aiosp_enabled in E:\web\oscialco\wp-content\plugins\all-in-one-seo-pack\all_in_one_seo_pack.php on line 766
[16-Jan-2012 22:41:43] PHP Notice:  Undefined index: aiosp_enabled in E:\web\oscialco\wp-content\plugins\all-in-one-seo-pack\all_in_one_seo_pack.php on line 766
[16-Jan-2012 22:41:43] PHP Notice:  load_plugin_textdomain was called with an argument that is <strong>deprecated</strong> since version 2.7 with no alternative available. in E:\web\oscialco\wp-includes\functions.php on line 3389
[16-Jan-2012 22:41:43] PHP Notice:  Undefined property: stdClass::$current in E:\web\oscialco\wp-admin\includes\update.php on line 44
[16-Jan-2012 22:41:43] PHP Notice:  Undefined property: stdClass::$locale in E:\web\oscialco\wp-admin\includes\update.php on line 44
[16-Jan-2012 22:41:43] PHP Notice:  has_cap was called with an argument that is <strong>deprecated</strong> since version 2.0! Usage of user levels by plugins and themes is deprecated. Use roles and capabilities instead. in E:\web\oscialco\wp-includes\functions.php on line 3387
[16-Jan-2012 22:41:43] PHP Notice:  has_cap was called with an argument that is <strong>deprecated</strong> since version 2.0! Usage of user levels by plugins and themes is deprecated. Use roles and capabilities instead. in E:\web\oscialco\wp-includes\functions.php on line 3387
[16-Jan-2012 22:41:43] PHP Notice:  has_cap was called with an argument that is <strong>deprecated</strong> since version 2.0! Usage of user levels by plugins and themes is deprecated. Use roles and capabilities instead. in E:\web\oscialco\wp-includes\functions.php on line 3387
[16-Jan-2012 22:41:43] PHP Notice:  has_cap was called with an argument that is <strong>deprecated</strong> since version 2.0! Usage of user levels by plugins and themes is deprecated. Use roles and capabilities instead. in E:\web\oscialco\wp-includes\functions.php on line 3387
[16-Jan-2012 22:41:43] PHP Notice:  Undefined property: stdClass::$current in E:\web\oscialco\wp-admin\includes\update.php on line 44
[16-Jan-2012 22:41:43] PHP Notice:  Undefined property: stdClass::$locale in E:\web\oscialco\wp-admin\includes\update.php on line 44
[16-Jan-2012 22:41:43] PHP Notice:  Undefined property: stdClass::$current in E:\web\oscialco\wp-admin\includes\update.php on line 44
[16-Jan-2012 22:41:43] PHP Notice:  Undefined property: stdClass::$locale in E:\web\oscialco\wp-admin\includes\update.php on line 44
[16-Jan-2012 22:41:44] PHP Notice:  Undefined index: aiosp_enabled in E:\web\oscialco\wp-content\plugins\all-in-one-seo-pack\all_in_one_seo_pack.php on line 766
[16-Jan-2012 22:41:44] PHP Notice:  Undefined index: aiosp_enabled in E:\web\oscialco\wp-content\plugins\all-in-one-seo-pack\all_in_one_seo_pack.php on line 766
[16-Jan-2012 22:41:44] PHP Notice:  load_plugin_textdomain was called with an argument that is <strong>deprecated</strong> since version 2.7 with no alternative available. in E:\web\oscialco\wp-includes\functions.php on line 3389
[16-Jan-2012 22:41:44] PHP Notice:  Undefined index: aiosp_enabled in E:\web\oscialco\wp-content\plugins\all-in-one-seo-pack\all_in_one_seo_pack.php on line 766
[16-Jan-2012 22:41:44] PHP Notice:  Undefined index: aiosp_enabled in E:\web\oscialco\wp-content\plugins\all-in-one-seo-pack\all_in_one_seo_pack.php on line 766
[16-Jan-2012 22:41:44] PHP Notice:  load_plugin_textdomain was called with an argument that is <strong>deprecated</strong> since version 2.7 with no alternative available. in E:\web\oscialco\wp-includes\functions.php on line 3389
[16-Jan-2012 22:41:44] PHP Notice:  Undefined index: show_home in E:\web\oscialco\wp-content\plugins\slick-social-share-buttons\inc\dcwp_social.php on line 701
[16-Jan-2012 22:41:44] PHP Notice:  Undefined index: show_blog in E:\web\oscialco\wp-content\plugins\slick-social-share-buttons\inc\dcwp_social.php on line 701
[16-Jan-2012 22:41:45] PHP Notice:  Undefined variable: post in E:\web\oscialco\wp-content\themes\Firecrow\functions.php on line 89
[16-Jan-2012 22:41:45] PHP Notice:  Trying to get property of non-object in E:\web\oscialco\wp-content\themes\Firecrow\functions.php on line 89
[16-Jan-2012 22:41:45] PHP Notice:  Undefined variable: post in E:\web\oscialco\wp-content\themes\Firecrow\functions.php on line 89
[16-Jan-2012 22:41:45] PHP Notice:  Trying to get property of non-object in E:\web\oscialco\wp-content\themes\Firecrow\functions.php on line 89
[16-Jan-2012 22:41:45] PHP Notice:  Undefined variable: post in E:\web\oscialco\wp-content\themes\Firecrow\functions.php on line 89
[16-Jan-2012 22:41:45] PHP Notice:  Trying to get property of non-object in E:\web\oscialco\wp-content\themes\Firecrow\functions.php on line 89
[16-Jan-2012 22:41:45] PHP Notice:  Undefined variable: post in E:\web\oscialco\wp-content\themes\Firecrow\functions.php on line 89
[16-Jan-2012 22:41:45] PHP Notice:  Trying to get property of non-object in E:\web\oscialco\wp-content\themes\Firecrow\functions.php on line 89
[16-Jan-2012 22:41:45] PHP Notice:  Undefined variable: post in E:\web\oscialco\wp-content\themes\Firecrow\functions.php on line 89
[16-Jan-2012 22:41:45] PHP Notice:  Trying to get property of non-object in E:\web\oscialco\wp-content\themes\Firecrow\functions.php on line 89
[16-Jan-2012 22:41:45] PHP Notice:  Undefined variable: post in E:\web\oscialco\wp-content\themes\Firecrow\functions.php on line 89
[16-Jan-2012 22:41:45] PHP Notice:  Trying to get property of non-object in E:\web\oscialco\wp-content\themes\Firecrow\functions.php on line 89
[16-Jan-2012 22:41:45] PHP Notice:  Undefined variable: post in E:\web\oscialco\wp-content\themes\Firecrow\functions.php on line 89
[16-Jan-2012 22:41:45] PHP Notice:  Trying to get property of non-object in E:\web\oscialco\wp-content\themes\Firecrow\functions.php on line 89
[16-Jan-2012 22:41:45] PHP Notice:  Undefined variable: post in E:\web\oscialco\wp-content\themes\Firecrow\functions.php on line 89
[16-Jan-2012 22:41:45] PHP Notice:  Trying to get property of non-object in E:\web\oscialco\wp-content\themes\Firecrow\functions.php on line 89
[16-Jan-2012 22:41:45] PHP Notice:  Undefined variable: post in E:\web\oscialco\wp-content\themes\Firecrow\functions.php on line 89
[16-Jan-2012 22:41:45] PHP Notice:  Trying to get property of non-object in E:\web\oscialco\wp-content\themes\Firecrow\functions.php on line 89
[16-Jan-2012 22:41:45] PHP Notice:  Undefined variable: postType in E:\web\oscialco\wp-content\themes\Firecrow\sidebar.php on line 46
[16-Jan-2012 22:41:45] PHP Notice:  get_bloginfo was called with an argument that is <strong>deprecated</strong> since version 2.2! The <code>siteurl</code> option is deprecated for the family of <code>bloginfo()</code> functions. Use the <code>url</code> option instead. in E:\web\oscialco\wp-includes\functions.php on line 3387
[16-Jan-2012 22:41:45] PHP Notice:  get_bloginfo was called with an argument that is <strong>deprecated</strong> since version 2.2! The <code>siteurl</code> option is deprecated for the family of <code>bloginfo()</code> functions. Use the <code>url</code> option instead. in E:\web\oscialco\wp-includes\functions.php on line 3387
[16-Jan-2012 22:41:45] PHP Notice:  Undefined index: show_archive in E:\web\oscialco\wp-content\plugins\slick-social-share-buttons\inc\dcwp_social.php on line 701
